<?xml version="1.0" encoding="UTF-8" ?>
<testsuite tests="2" failures="2" name="com.shopify.prettyprices.PriceConverterTest" time="0.012" errors="0" skipped="0">
  <properties>
[...]
</properties>
  <testcase classname="com.shopify.prettyprices.PriceConverterTest" name="com.shopify.prettyprices.PriceConverterTest.testConvertUpToNearestQuarter" time="0.012">
    <failure message="expected: &lt;8&gt; but was: &lt;7.72500000000000053290705182007513940334320068359375&gt;" type="org.opentest4j.AssertionFailedError">org.opentest4j.AssertionFailedError: expected: &lt;8&gt; but was: &lt;7.72500000000000053290705182007513940334320068359375&gt;
	at org.junit.jupiter.api.AssertionUtils.fail(AssertionUtils.java:54)
	at org.junit.jupiter.api.AssertEquals.failNotEqual(AssertEquals.java:195)
	at org.junit.jupiter.api.AssertEquals.assertEquals(AssertEquals.java:184)
	at org.junit.jupiter.api.AssertEquals.assertEquals(AssertEquals.java:179)
	at org.junit.jupiter.api.Assertions.assertEquals(Assertions.java:508)
	at com.shopify.prettyprices.PriceConverterTest.testConvertUpToNearestQuarter(PriceConverterTest.java:38)
</failure>
    <system-out>convert UP to nearest quarter
</system-out>
  </testcase>
  <testcase classname="com.shopify.prettyprices.PriceConverterTest" name="com.shopify.prettyprices.PriceConverterTest.testConvertDownToNearestQuarter" time="0">
    <failure message="expected: &lt;8.5&gt; but was: &lt;8.550000000000000266453525910037569701671600341796875&gt;" type="org.opentest4j.AssertionFailedError">org.opentest4j.AssertionFailedError: expected: &lt;8.5&gt; but was: &lt;8.550000000000000266453525910037569701671600341796875&gt;
	at org.junit.jupiter.api.AssertionUtils.fail(AssertionUtils.java:54)
	at org.junit.jupiter.api.AssertEquals.failNotEqual(AssertEquals.java:195)
	at org.junit.jupiter.api.AssertEquals.assertEquals(AssertEquals.java:184)
	at org.junit.jupiter.api.AssertEquals.assertEquals(AssertEquals.java:179)
	at org.junit.jupiter.api.Assertions.assertEquals(Assertions.java:508)
	at com.shopify.prettyprices.PriceConverterTest.testConvertDownToNearestQuarter(PriceConverterTest.java:48)
</failure>
    <system-out>convert DOWN to nearest quarter
</system-out>
  </testcase>
</testsuite>